d:\devprojects\echoadaptive\intermediate\eautilities\x86\debug\vc142.pdb
d:\devprojects\echoadaptive\intermediate\eautilities\x86\debug\vc142.idb
d:\devprojects\echoadaptive\intermediate\eautilities\x86\debug\main.obj
d:\devprojects\echoadaptive\intermediate\eautilities\x86\debug\easoundmixersequencer.obj
d:\devprojects\echoadaptive\intermediate\eautilities\x86\debug\eavariableclass.obj
d:\devprojects\echoadaptive\intermediate\eautilities\x86\debug\easoundtrack.obj
d:\devprojects\echoadaptive\intermediate\eautilities\x86\debug\easoundmixereventgraph.obj
d:\devprojects\echoadaptive\intermediate\eautilities\x86\debug\easoundmixerchannel.obj
d:\devprojects\echoadaptive\intermediate\eautilities\x86\debug\easoundmixer.obj
d:\devprojects\echoadaptive\intermediate\eautilities\x86\debug\easoundeventloop.obj
d:\devprojects\echoadaptive\intermediate\eautilities\x86\debug\easoundevent.obj
d:\devprojects\echoadaptive\intermediate\eautilities\x86\debug\easound.obj
d:\devprojects\echoadaptive\intermediate\eautilities\x86\debug\imsequencer.obj
d:\devprojects\echoadaptive\intermediate\eautilities\x86\debug\imgui_widgets.obj
d:\devprojects\echoadaptive\intermediate\eautilities\x86\debug\imgui_tables.obj
d:\devprojects\echoadaptive\intermediate\eautilities\x86\debug\imgui_draw.obj
d:\devprojects\echoadaptive\intermediate\eautilities\x86\debug\imgui_demo.obj
d:\devprojects\echoadaptive\intermediate\eautilities\x86\debug\imgui.obj
d:\devprojects\echoadaptive\intermediate\eautilities\x86\debug\imcurveedit.obj
d:\devprojects\echoadaptive\intermediate\eautilities\x86\debug\imgui_impl_win32.obj
d:\devprojects\echoadaptive\intermediate\eautilities\x86\debug\imgui_impl_dx11.obj
d:\devprojects\echoadaptive\intermediate\eautilities\x86\debug\eautilitiesd.ilk
d:\devprojects\echoadaptive\bin\x86\eautilitiesd.exe
d:\devprojects\echoadaptive\bin\x86\eautilitiesd.pdb
d:\devprojects\echoadaptive\bin/x86/eautilitiesd.pdb
d:\devprojects\echoadaptive\intermediate\eautilities\x86\debug\eautilities.tlog\cl.command.1.tlog
d:\devprojects\echoadaptive\intermediate\eautilities\x86\debug\eautilities.tlog\cl.read.1.tlog
d:\devprojects\echoadaptive\intermediate\eautilities\x86\debug\eautilities.tlog\cl.write.1.tlog
d:\devprojects\echoadaptive\intermediate\eautilities\x86\debug\eautilities.tlog\link.command.1.tlog
d:\devprojects\echoadaptive\intermediate\eautilities\x86\debug\eautilities.tlog\link.read.1.tlog
d:\devprojects\echoadaptive\intermediate\eautilities\x86\debug\eautilities.tlog\link.write.1.tlog
